<?xml version="1.0" encoding="UTF-8"?>
<!-- Generated by org.testng.reporters.JUnitXMLReporter -->
<testsuite hostname="DESKTOP-U71LD0U" name="MavenTest" tests="6" failures="0" timestamp="1 Mar 2019 00:27:28 GMT" time="0.087" errors="0">
  <testcase name="testAddition" time="0.019" classname="com.qa.tests.TestNgDemo"/>
  <testcase name="testMultiplication" time="0.004" classname="com.qa.tests.TestNgDemo"/>
  <testcase name="testSubtraction" time="0.006" classname="com.qa.tests.TestNgDemo"/>
  <testcase name="testMethod" time="0.004" classname="com.qa.tests.TestNG_Demo1"/>
  <testcase name="testDemo2" time="0.003" classname="com.qa.tests.TestNG_Demo2"/>
  <testcase name="testDemo2A" time="0.007" classname="com.qa.tests.TestNG_Demo2"/>
</testsuite> <!-- MavenTest -->
