<?xml version="1.0" encoding="UTF-8"?>
<!-- Generated by org.testng.reporters.JUnitXMLReporter -->
<testsuite hostname="DESKTOP-U71LD0U" name="Test" tests="6" failures="0" timestamp="1 Mar 2019 00:22:34 GMT" time="0.07" errors="0">
  <testcase name="testAddition" time="0.018" classname="com.qa.tests.TestNgDemo"/>
  <testcase name="testMultiplication" time="0.002" classname="com.qa.tests.TestNgDemo"/>
  <testcase name="testSubtraction" time="0.002" classname="com.qa.tests.TestNgDemo"/>
  <testcase name="testDemo2" time="0.003" classname="com.qa.tests.TestNG_Demo2"/>
  <testcase name="testDemo2A" time="0.003" classname="com.qa.tests.TestNG_Demo2"/>
  <testcase name="testMethod" time="0.002" classname="com.qa.tests.TestNG_Demo1"/>
</testsuite> <!-- Test -->
