<?xml version="1.0" encoding="UTF-8"?>
<testng-results skipped="0" failed="0" total="1" passed="1">
  <reporter-output>
  </reporter-output>
  <suite name="Default suite" duration-ms="21493" started-at="2019-03-03T05:01:49Z" finished-at="2019-03-03T05:02:11Z">
    <groups>
    </groups>
    <test name="Default test" duration-ms="21493" started-at="2019-03-03T05:01:49Z" finished-at="2019-03-03T05:02:11Z">
      <class name="com.qa.tests.TestClass_2">
        <test-method status="PASS" signature="testTestClass1()[pri:0, instance:com.qa.tests.TestClass_2@6a2bcfcb]" name="testTestClass1" duration-ms="21465" started-at="2019-03-03T10:31:50Z" finished-at="2019-03-03T10:32:11Z">
          <reporter-output>
          </reporter-output>
        </test-method> <!-- testTestClass1 -->
      </class> <!-- com.qa.tests.TestClass_2 -->
    </test> <!-- Default test -->
  </suite> <!-- Default suite -->
</testng-results>
